\BOOKMARK [0][-]{chapter.1}{\376\377\000I\000n\000t\000r\000o\000d\000u\000c\000t\000i\000o\000n}{}% 1
\BOOKMARK [1][-]{section.1.1}{\376\377\000R\000e\000l\000a\000t\000e\000d\000\040\000w\000o\000r\000k}{chapter.1}% 2
\BOOKMARK [2][-]{subsection.1.1.1}{\376\377\000S\000t\000r\000u\000c\000t\000u\000r\000e\000\040\000e\000d\000i\000t\000o\000r\000s}{section.1.1}% 3
\BOOKMARK [2][-]{subsection.1.1.2}{\376\377\000E\000d\000i\000t\000o\000r\000\040\000g\000e\000n\000e\000r\000a\000t\000o\000r\000s}{section.1.1}% 4
\BOOKMARK [2][-]{subsection.1.1.3}{\376\377\000P\000a\000r\000t\000i\000a\000l\000\040\000e\000v\000a\000l\000u\000a\000t\000i\000o\000n}{section.1.1}% 5
\BOOKMARK [1][-]{section.1.2}{\376\377\000P\000r\000o\000b\000l\000e\000m\000\040\000s\000t\000a\000t\000e\000m\000e\000n\000t}{chapter.1}% 6
\BOOKMARK [1][-]{section.1.3}{\376\377\000R\000e\000p\000o\000r\000t\000\040\000S\000t\000r\000u\000c\000t\000u\000r\000e}{chapter.1}% 7
\BOOKMARK [0][-]{chapter.2}{\376\377\000B\000a\000c\000k\000g\000r\000o\000u\000n\000d}{}% 8
\BOOKMARK [1][-]{section.2.1}{\376\377\000A\000b\000s\000t\000r\000a\000c\000t\000\040\000S\000y\000n\000t\000a\000x}{chapter.2}% 9
\BOOKMARK [2][-]{subsection.2.1.1}{\376\377\000A\000b\000s\000t\000r\000a\000c\000t\000\040\000S\000y\000n\000t\000a\000x\000\040\000T\000r\000e\000e\000s}{section.2.1}% 10
\BOOKMARK [2][-]{subsection.2.1.2}{\376\377\000A\000b\000s\000t\000r\000a\000c\000t\000\040\000B\000i\000n\000d\000i\000n\000g\000\040\000T\000r\000e\000e\000s}{section.2.1}% 11
\BOOKMARK [1][-]{section.2.2}{\376\377\000G\000e\000n\000e\000r\000a\000l\000i\000z\000e\000d\000\040\000e\000d\000i\000t\000o\000r\000\040\000c\000a\000l\000c\000u\000l\000u\000s}{chapter.2}% 12
\BOOKMARK [2][-]{subsection.2.2.1}{\376\377\000A\000b\000s\000t\000r\000a\000c\000t\000\040\000s\000y\000n\000t\000a\000x}{section.2.2}% 13
\BOOKMARK [2][-]{subsection.2.2.2}{\376\377\000S\000e\000m\000a\000n\000t\000i\000c\000s}{section.2.2}% 14
\BOOKMARK [2][-]{subsection.2.2.3}{\376\377\000E\000n\000c\000o\000d\000i\000n\000g\000\040\000t\000h\000e\000\040\000g\000e\000n\000e\000r\000a\000l\000i\000z\000e\000d\000\040\000e\000d\000i\000t\000o\000r\000\040\000c\000a\000l\000c\000u\000l\000u\000s\000\040\000i\000n\000\040\000a\000n\000\040\000e\000x\000t\000e\000n\000d\000e\000d\000\040\000-\000c\000a\000l\000c\000u\000l\000u\000s}{section.2.2}% 15
\BOOKMARK [0][-]{chapter.3}{\376\377\000I\000m\000p\000l\000e\000m\000e\000n\000t\000a\000t\000i\000o\000n}{}% 16
\BOOKMARK [1][-]{section.3.1}{\376\377\000I\000m\000p\000l\000e\000m\000e\000n\000t\000a\000t\000i\000o\000n}{chapter.3}% 17
\BOOKMARK [2][-]{subsection.3.1.1}{\376\377\000R\000e\000p\000r\000e\000s\000e\000n\000t\000i\000n\000g\000\040\000S\000y\000n\000t\000a\000x}{section.3.1}% 18
\BOOKMARK [2][-]{subsection.3.1.2}{\376\377\000C\000o\000d\000e\000\040\000g\000e\000n\000e\000r\000a\000t\000i\000o\000n\000\040\000v\000e\000r\000s\000u\000s\000\040\000g\000e\000n\000e\000r\000i\000c\000\040\000m\000o\000d\000e\000l}{section.3.1}% 19
\BOOKMARK [2][-]{subsection.3.1.3}{\376\377\000G\000e\000n\000e\000r\000a\000t\000i\000n\000g\000\040\000s\000o\000u\000r\000c\000e\000\040\000c\000o\000d\000e}{section.3.1}% 20
\BOOKMARK [2][-]{subsection.3.1.4}{\376\377\000E\000d\000i\000t\000o\000r\000\040\000e\000x\000p\000r\000e\000s\000s\000i\000o\000n\000s}{section.3.1}% 21
\BOOKMARK [0][-]{chapter.4}{\376\377\000E\000d\000i\000t\000o\000r\000\040\000E\000x\000a\000m\000p\000l\000e\000s}{}% 22
\BOOKMARK [1][-]{section.4.1}{\376\377\000C}{chapter.4}% 23
\BOOKMARK [1][-]{section.4.2}{\376\377\000S\000Q\000L}{chapter.4}% 24
\BOOKMARK [1][-]{section.4.3}{\376\377\000L\000a\000T\000e\000X}{chapter.4}% 25
\BOOKMARK [0][-]{chapter.5}{\376\377\000C\000o\000n\000c\000l\000u\000s\000i\000o\000n}{}% 26
\BOOKMARK [1][-]{section.5.1}{\376\377\000F\000u\000t\000u\000r\000e\000\040\000w\000o\000r\000k}{chapter.5}% 27
